<?xml version="1.0" encoding="UTF-8"?>
<!-- Generated by org.testng.reporters.JUnitXMLReporter -->
<testsuite ignored="2" hostname="RAMPE" failures="0" tests="1" name="Default test" time="56.234" errors="0" timestamp="2021-05-15T09:43:40 IST">
  <testcase classname="ddt.datadriven" name="tests" time="36.944"/>
  <testcase classname="com.baseclass.setup" name="@BeforeTest f" time="0.0">
    <ignored/>
  </testcase> <!-- @BeforeTest f -->
  <testcase classname="com.baseclass.setup" name="@BeforeTest f" time="0.0">
    <ignored/>
  </testcase> <!-- @BeforeTest f -->
</testsuite> <!-- Default test -->
